2026-02-03T03:54:15.739505600 | LOGGER_READY
2026-02-03T03:54:15.747554100 | APP_START
2026-02-03T03:54:15.773843200 | APP_CLOSE
2026-02-03T04:09:45.437413600 | LOGGER_READY
2026-02-03T04:09:45.443905700 | APP_START
2026-02-03T04:09:46.041788400 | APP_CLOSE
2026-02-03T04:10:26.394325200 | LOGGER_READY
2026-02-03T04:10:26.409283900 | APP_START
2026-02-03T04:10:26.816056400 | APP_CLOSE
2026-02-03T04:13:14.688792400 | LOGGER_READY
2026-02-03T04:13:14.696059900 | APP_START
2026-02-03T04:13:15.092709700 | APP_CLOSE
2026-02-03T04:14:17.667198300 | LOGGER_READY
2026-02-03T04:14:17.674202300 | APP_START
2026-02-03T04:14:18.069803500 | APP_CLOSE
2026-02-03T04:32:09.354472700 | LOGGER_READY
2026-02-03T04:32:09.360573300 | APP_START
2026-02-03T04:32:09.927683400 | APP_CLOSE
2026-02-03T04:42:48.203279700 | LOGGER_READY
2026-02-03T04:42:48.210764600 | APP_START
2026-02-03T04:42:48.721998500 | APP_CLOSE
2026-02-03T04:53:33.637782700 | LOGGER_READY
2026-02-03T04:53:33.644762100 | APP_START
2026-02-03T04:53:34.164566400 | APP_CLOSE
2026-02-03T05:02:51.985887900 | LOGGER_READY
2026-02-03T05:02:51.992870700 | APP_START
2026-02-03T05:02:52.501926400 | APP_CLOSE
2026-02-03T05:04:33.815203100 | LOGGER_READY
2026-02-03T05:04:33.822641200 | APP_START
2026-02-03T05:04:34.338898900 | APP_CLOSE
2026-02-03T05:05:39.793172500 | LOGGER_READY
2026-02-03T05:05:39.800153 | APP_START
2026-02-03T05:05:40.297615500 | APP_CLOSE
2026-02-03T05:11:47.281040200 | LOGGER_READY
2026-02-03T05:11:47.288022 | APP_START
2026-02-03T05:27:33.123584800 | LOGGER_READY
2026-02-03T05:27:33.130566600 | APP_START
2026-02-03T05:31:48.001031300 | ADD student_id=01221226b
2026-02-03T06:03:02.801515200 | APP_CLOSE
2026-02-03T06:12:10.559496600 | LOGGER_READY
2026-02-03T06:12:10.566477600 | APP_START
2026-02-03T06:15:05.353088400 | ADD student_id=34567890
2026-02-03T06:15:59.572775400 | ADD student_id=5678326
2026-02-03T06:33:59.744449100 | LOGGER_READY
2026-02-03T06:33:59.754026100 | APP_START
2026-02-03T06:37:33.565266500 | ADD student_id=12223212g
2026-02-03T06:37:52.488457200 | DELETE student_id=12223212g
2026-02-03T06:38:11.577972600 | APP_CLOSE
2026-02-03T06:48:19.931691100 | LOGGER_READY
2026-02-03T06:48:19.939669500 | APP_START
2026-02-03T07:02:57.798216400 | LOGGER_READY
2026-02-03T07:02:57.806237500 | APP_START
2026-02-03T07:03:20.232867100 | APP_CLOSE
2026-02-03T08:07:29.063055200 | LOGGER_READY
2026-02-03T08:07:29.070145700 | APP_START
2026-02-03T08:53:02.424469200 | UPDATE student_id=34567890
2026-02-03T08:53:08.791432900 | UPDATE student_id=01221226b
2026-02-03T08:54:33.457788600 | DELETE student_id=01221226b
2026-02-03T08:54:36.338838200 | DELETE student_id=5678326
2026-02-03T08:54:39.334827800 | DELETE student_id=34567890
2026-02-03T10:33:59.819730800 | LOGGER_READY
2026-02-03T10:33:59.827707500 | APP_START
2026-02-03T10:35:10.824772100 | LOGGER_READY
2026-02-03T10:35:10.831752600 | APP_START
2026-02-03T15:41:05.766362200 | APP_CLOSE
2026-02-04T03:48:54.809751600 | LOGGER_READY
2026-02-04T03:48:54.817854600 | APP_START
2026-02-04T03:52:01.852668200 | ADD student_id=01234567b
2026-02-04T03:52:14.384278700 | DELETE student_id=01234567b
2026-02-04T12:47:42.993425200 | LOGGER_READY
2026-02-04T12:47:43.001404800 | APP_START
2026-02-04T12:47:44.469497800 | APP_CLOSE
2026-02-04T13:43:33.182317500 | LOGGER_READY
2026-02-04T13:43:33.188301400 | APP_START
2026-02-04T13:43:33.644293900 | APP_CLOSE
2026-02-04T13:44:48.165764100 | LOGGER_READY
2026-02-04T13:44:48.173743500 | APP_START
2026-02-04T13:44:48.661018200 | APP_CLOSE
2026-02-04T13:49:08.451906100 | LOGGER_READY
2026-02-04T13:49:08.460882600 | APP_START
2026-02-04T13:53:32.556800200 | LOGGER_READY
2026-02-04T13:53:32.562784600 | APP_START
2026-02-04T13:58:42.746530900 | LOGGER_READY
2026-02-04T13:58:42.753511600 | APP_START
2026-02-04T13:58:50.489632800 | APP_CLOSE
2026-02-04T14:04:43.300997300 | LOGGER_READY
2026-02-04T14:04:43.309976600 | APP_START
2026-02-04T14:05:36.727674600 | APP_CLOSE
2026-02-04T14:07:45.303415100 | LOGGER_READY
2026-02-04T14:07:45.309543900 | APP_START
2026-02-04T14:10:16.239831200 | APP_CLOSE
2026-02-04T14:23:12.388988 | LOGGER_READY
2026-02-04T14:23:12.395971400 | APP_START
2026-02-04T14:38:46.738599600 | LOGGER_READY
2026-02-04T14:38:46.744582500 | APP_START
2026-02-04T14:39:12.933546900 | APP_CLOSE
2026-02-04T14:50:52.006314100 | LOGGER_READY
2026-02-04T14:50:52.014305100 | APP_START
2026-02-04T14:58:05.109733200 | APP_CLOSE
2026-02-04T15:08:21.668081900 | LOGGER_READY
2026-02-04T15:08:21.675065300 | APP_START
2026-02-04T15:09:22.485291400 | APP_CLOSE
2026-02-04T15:09:33.825582 | LOGGER_READY
2026-02-04T15:09:33.833064200 | APP_START
2026-02-04T15:10:07.380183400 | APP_CLOSE
2026-02-04T15:10:11.983431400 | LOGGER_READY
2026-02-04T15:10:11.992454400 | APP_START
2026-02-04T15:13:56.359460600 | LOGGER_READY
2026-02-04T15:13:56.366681400 | APP_START
2026-02-04T15:14:21.579684900 | APP_CLOSE
2026-02-04T15:14:27.533065800 | LOGGER_READY
2026-02-04T15:14:27.540045700 | APP_START
2026-02-04T15:22:33.885714300 | LOGGER_READY
2026-02-04T15:22:33.892153900 | APP_START
2026-02-04T15:24:08.400165 | APP_CLOSE
2026-02-04T15:24:28.251246400 | LOGGER_READY
2026-02-04T15:24:28.257670200 | APP_START
2026-02-04T15:35:43.704378200 | LOGGER_READY
2026-02-04T15:35:43.711358500 | APP_START
2026-02-04T15:35:55.668622 | APP_CLOSE
2026-02-04T15:36:19.695522700 | LOGGER_READY
2026-02-04T15:36:19.702504900 | APP_START
2026-02-04T16:35:57.692060400 | APP_CLOSE
2026-02-05T06:51:02.534896100 | LOGGER_READY
2026-02-05T06:51:02.588033300 | APP_START
2026-02-05T07:21:08.404160900 | APP_CLOSE
2026-02-06T07:58:54.582284800 | LOGGER_READY
2026-02-06T07:58:54.591419800 | APP_START
2026-02-06T12:18:35.882073500 | LOGGER_READY
2026-02-06T12:18:35.913737300 | APP_START
2026-02-06T14:38:05.712842800 | APP_CLOSE
2026-02-09T09:34:53.916128600 | LOGGER_READY
2026-02-09T09:34:53.953054500 | APP_START
2026-02-10T02:24:47.287002400 | APP_CLOSE
2026-02-10T08:31:17.949254 | LOGGER_READY
2026-02-10T08:31:17.963215600 | APP_START
2026-02-15T14:04:39.107736900 | LOGGER_READY
2026-02-15T14:04:39.135499600 | APP_START
2026-02-15T16:13:57.234822100 | LOGGER_READY
2026-02-15T16:13:57.241935300 | APP_START
2026-02-15T16:14:24.591114800 | APP_CLOSE
2026-02-15T16:30:39.052393300 | LOGGER_READY
2026-02-15T16:30:39.059372500 | APP_START
2026-02-15T16:30:51.056893 | APP_CLOSE
2026-02-15T23:20:42.908956500 | LOGGER_READY
2026-02-15T23:20:42.919925200 | APP_START
2026-02-15T23:25:33.373390600 | LOGGER_READY
2026-02-15T23:25:33.381282500 | APP_START
2026-02-15T23:28:20.473692900 | LOGGER_READY
2026-02-15T23:28:20.480675500 | APP_START
2026-02-15T23:42:46.118921400 | LOGGER_READY
2026-02-15T23:42:46.127899100 | APP_START
2026-02-15T23:47:32.275560 | APP_CLOSE
2026-02-15T23:47:42.998312200 | LOGGER_READY
2026-02-15T23:47:43.007494600 | APP_START
2026-02-16T00:17:43.711813800 | LOGGER_READY
2026-02-16T00:17:43.719546800 | APP_START
2026-02-16T00:19:30.187943 | ADD student_id=123452t
2026-02-16T00:19:41.566086 | DELETE student_id=123452t
2026-02-16T00:32:28.556481500 | ADD student_id=1234567899876t
2026-02-16T00:40:18.619590900 | LOGGER_READY
2026-02-16T00:40:18.627762200 | APP_START
2026-02-16T00:42:09.439861600 | ADD student_id=4543246
2026-02-16T00:49:50.139548100 | LOGGER_READY
2026-02-16T00:49:50.146529700 | APP_START
2026-02-16T01:34:50.292984900 | LOGGER_READY
2026-02-16T01:34:50.301019300 | APP_START
2026-02-16T02:25:25.351315800 | LOGGER_READY
2026-02-16T02:25:25.360292100 | APP_START
2026-02-16T02:25:42.035728100 | UPDATE student_id=4543246
2026-02-16T02:26:58.549134100 | APP_CLOSE
2026-02-16T02:27:05.022018700 | LOGGER_READY
2026-02-16T02:27:05.029996 | APP_START
2026-02-16T02:27:19.035383100 | UPDATE student_id=4543246
2026-02-16T02:27:31.693982100 | APP_CLOSE
2026-02-16T03:46:43.382299500 | LOGGER_READY
2026-02-16T03:46:43.391277700 | APP_START
2026-02-16T13:08:31.269746700 | LOGGER_READY
2026-02-16T13:08:31.277724100 | APP_START
2026-02-16T13:09:10.900326600 | APP_CLOSE
2026-02-16T13:10:02.138803700 | LOGGER_READY
2026-02-16T13:10:02.147179600 | APP_START
2026-02-16T13:10:25.970982900 | APP_CLOSE
2026-02-16T13:11:15.719096200 | LOGGER_READY
2026-02-16T13:11:15.728844400 | APP_START
2026-02-16T13:15:14.146864400 | LOGGER_READY
2026-02-16T13:15:14.155088700 | APP_START
2026-02-16T13:16:33.165816300 | APP_CLOSE
2026-02-16T14:08:41.071499 | LOGGER_READY
2026-02-16T14:08:41.085461200 | APP_START
2026-02-16T14:09:30.759260600 | APP_CLOSE
2026-02-16T15:01:21.422674600 | LOGGER_READY
2026-02-16T15:01:21.431609800 | APP_START
2026-02-16T15:01:42.981997900 | APP_CLOSE
2026-02-16T15:02:28.352663800 | LOGGER_READY
2026-02-16T15:02:28.361639800 | APP_START
2026-02-16T15:03:56.993880200 | UPDATE student_id=4543246
2026-02-16T15:04:04.149022500 | APP_CLOSE
2026-02-16T15:04:18.506159500 | LOGGER_READY
2026-02-16T15:04:18.514137600 | APP_START
2026-02-16T15:27:25.219441300 | APP_CLOSE
2026-02-16T15:38:23.178179900 | LOGGER_READY
2026-02-16T15:38:23.187635500 | APP_START
2026-02-16T15:38:46.765770900 | APP_CLOSE
2026-02-16T15:40:39.320114500 | LOGGER_READY
2026-02-16T15:40:39.330875300 | APP_START
2026-02-16T15:40:53.314194600 | APP_CLOSE
2026-02-16T16:14:27.777021200 | LOGGER_READY
2026-02-16T16:14:27.786993 | APP_START
2026-02-16T16:14:51.352061400 | APP_CLOSE
2026-02-16T16:15:20.661879200 | LOGGER_READY
2026-02-16T16:15:20.669904400 | APP_START
2026-02-16T16:15:51.401290700 | APP_CLOSE
2026-02-17T01:57:42.484029400 | LOGGER_READY
2026-02-17T01:57:42.495999600 | APP_START
2026-02-17T02:01:00.718876800 | LOGGER_READY
2026-02-17T02:01:00.726856800 | APP_START
2026-02-17T02:03:51.596435700 | APP_CLOSE
2026-02-17T02:13:17.641827800 | LOGGER_READY
2026-02-17T02:13:17.649296100 | APP_START
2026-02-17T02:13:55.308199900 | APP_CLOSE
2026-02-17T02:21:52.324961800 | LOGGER_READY
2026-02-17T02:21:52.333395600 | APP_START
2026-02-17T03:36:36.795642400 | UPDATE student_id=STU001
2026-02-17T03:36:36.803320 | UPDATE student_id=STU002
2026-02-17T03:36:36.813271300 | UPDATE student_id=STU003
2026-02-17T03:36:36.820560800 | UPDATE student_id=STU004
2026-02-17T03:36:36.839998200 | UPDATE student_id=STU003
